app/build/outputs/logs/manifest-merger-debug-report.txt
-- Merging decision tree log ---
manifest
ADDED from src/main/AndroidManifest.xml:2:1-194:12
INJECTED from src/main/AndroidManifest.xml:2:1-194:12
INJECTED from src/main/AndroidManifest.xml:2:1-194:12
INJECTED from src/main/AndroidManifest.xml:2:1-194:12
MERGED from [com.google.firebase:firebase-core:11.2.2] AndroidManifest.xml:2:1-6:12
MERGED from [com.android.support.constraint:constraint-layout:1.1.2] AndroidManifest.xml:2:1-11:12
MERGED from [com.crashlytics.sdk.android:crashlytics:2.6.7] AndroidManifest.xml:2:1-13:12
MERGED from [com.evernote:android-state:1.1.0-SNAPSHOT] AndroidManifest.xml:2:1-12:12
MERGED from [com.android.support:design:25.4.0] AndroidManifest.xml:17:1-31:12
MERGED from [com.github.scottyab:showhidepasswordedittext:0.8] AndroidManifest.xml:2:1-14:12
MERGED from [com.android.support:appcompat-v7:25.4.0] AndroidManifest.xml:17:1-31:12
MERGED from [com.android.support:cardview-v7:25.4.0] AndroidManifest.xml:17:1-28:12
MERGED from [com.jakewharton:butterknife:8.5.1] AndroidManifest.xml:2:1-7:12
MERGED from [io.reactivex:rxandroid:1.2.1] AndroidManifest.xml:15:1-21:12
MERGED from [com.artemzin.rxjava:proguard-rules:1.3.1.0] AndroidManifest.xml:2:1-10:12
MERGED from [com.facebook.stetho:stetho-okhttp3:1.5.0] AndroidManifest.xml:2:1-13:12
MERGED from [com.android.support:recyclerview-v7:25.4.0] AndroidManifest.xml:17:1-28:12
MERGED from [com.yqritc:recyclerview-flexibledivider:1.4.0] AndroidManifest.xml:2:1-12:12
MERGED from [com.makeramen:roundedimageview:2.2.1] AndroidManifest.xml:2:1-9:12
MERGED from [com.google.android.gms:play-services-location:11.2.2] AndroidManifest.xml:2:1-5:12
MERGED from [com.google.android.gms:play-services-places:11.2.2] AndroidManifest.xml:16:1-19:12
MERGED from [com.google.android.gms:play-services-maps:11.2.2] AndroidManifest.xml:16:1-25:12
MERGED from [com.google.android.gms:play-services-gcm:11.2.2] AndroidManifest.xml:16:1-24:12
MERGED from [com.szagurskii:patternedtextwatcher:0.5.0] AndroidManifest.xml:2:1-12:12
MERGED from [com.android.support:transition:25.4.0] AndroidManifest.xml:17:1-28:12
MERGED from [com.google.firebase:firebase-analytics:11.2.2] AndroidManifest.xml:16:1-35:12
MERGED from [com.google.android.gms:play-services-iid:11.2.2] AndroidManifest.xml:16:1-24:12
MERGED from [com.google.android.gms:play-services-base:11.2.2] AndroidManifest.xml:16:1-21:12
MERGED from [com.google.firebase:firebase-analytics-impl:11.2.2] AndroidManifest.xml:16:1-29:12
MERGED from [com.google.firebase:firebase-iid:11.2.2] AndroidManifest.xml:16:1-50:12
MERGED from [com.google.firebase:firebase-common:11.2.2] AndroidManifest.xml:2:1-8:12
MERGED from [com.google.android.gms:play-services-tasks:11.2.2] AndroidManifest.xml:2:1-5:12
MERGED from [com.google.android.gms:play-services-basement:11.2.2] AndroidManifest.xml:16:1-23:12
MERGED from [com.android.support:support-v4:25.4.0] AndroidManifest.xml:17:1-31:12
MERGED from [com.jakewharton.timber:timber:4.4.0] AndroidManifest.xml:2:1-10:12
MERGED from [com.facebook.stetho:stetho:1.5.0] AndroidManifest.xml:2:1-13:12
MERGED from [com.facebook.stetho:stetho-urlconnection:1.5.0] AndroidManifest.xml:2:1-13:12
MERGED from [com.crashlytics.sdk.android:beta:1.2.4] AndroidManifest.xml:2:1-13:12
MERGED from [com.crashlytics.sdk.android:crashlytics-core:2.3.16] AndroidManifest.xml:45:1-56:12
MERGED from [com.crashlytics.sdk.android:answers:1.3.12] AndroidManifest.xml:2:1-13:12
MERGED from [io.fabric.sdk.android:fabric:1.3.16] AndroidManifest.xml:22:1-33:12
MERGED from [com.android.support:animated-vector-drawable:25.4.0] AndroidManifest.xml:17:1-28:12
MERGED from [com.android.support:support-fragment:25.4.0] AndroidManifest.xml:17:1-31:12
MERGED from [com.android.support:support-core-ui:25.4.0] AndroidManifest.xml:17:1-31:12
MERGED from [com.android.support:support-vector-drawable:25.4.0] AndroidManifest.xml:17:1-28:12
MERGED from [com.android.support:support-media-compat:25.4.0] AndroidManifest.xml:17:1-31:12
MERGED from [com.android.support:support-core-utils:25.4.0] AndroidManifest.xml:17:1-31:12
MERGED from [com.android.support:support-compat:25.4.0] AndroidManifest.xml:17:1-31:12
INJECTED from src/main/AndroidManifest.xml:2:1-194:12
INJECTED from src/main/AndroidManifest.xml:2:1-194:12
INJECTED from src/main/AndroidManifest.xml:2:1-194:12
	package
		ADDED from src/main/AndroidManifest.xml:3:5-32
		INJECTED from src/main/AndroidManifest.xml
		INJECTED from src/main/AndroidManifest.xml
	android:versionName
		INJECTED from src/main/AndroidManifest.xml
		ADDED from src/main/AndroidManifest.xml:2:1-194:12
		INJECTED from src/main/AndroidManifest.xml
	android:versionCode
		INJECTED from src/main/AndroidManifest.xml
		ADDED from src/main/AndroidManifest.xml:2:1-194:12
		INJECTED from src/main/AndroidManifest.xml
	xmlns:android
		ADDED from src/main/AndroidManifest.xml:2:11-69
	android:installLocation
		ADDED from src/main/AndroidManifest.xml:4:5-35
uses-permission#android.permission.INTERNET
ADDED from src/main/AndroidManifest.xml:6:5-67
MERGED from [com.crashlytics.sdk.android:crashlytics:2.6.7] AndroidManifest.xml:9:5-67
MERGED from [com.crashlytics.sdk.android:crashlytics:2.6.7] AndroidManifest.xml:9:5-67
MERGED from [com.google.android.gms:play-services-maps:11.2.2] AndroidManifest.xml:20:5-66
MERGED from [com.google.android.gms:play-services-maps:11.2.2] AndroidManifest.xml:20:5-66
MERGED from [com.google.android.gms:play-services-gcm:11.2.2] AndroidManifest.xml:21:5-66
MERGED from [com.google.android.gms:play-services-gcm:11.2.2] AndroidManifest.xml:21:5-66
MERGED from [com.google.firebase:firebase-analytics:11.2.2] AndroidManifest.xml:20:5-66
MERGED from [com.google.firebase:firebase-analytics:11.2.2] AndroidManifest.xml:20:5-66
MERGED from [com.google.android.gms:play-services-iid:11.2.2] AndroidManifest.xml:21:5-66
MERGED from [com.google.android.gms:play-services-iid:11.2.2] AndroidManifest.xml:21:5-66
MERGED from [com.google.firebase:firebase-analytics-impl:11.2.2] AndroidManifest.xml:20:5-66
MERGED from [com.google.firebase:firebase-analytics-impl:11.2.2] AndroidManifest.xml:20:5-66
MERGED from [com.google.firebase:firebase-iid:11.2.2] AndroidManifest.xml:20:5-66
MERGED from [com.google.firebase:firebase-iid:11.2.2] AndroidManifest.xml:20:5-66
MERGED from [com.crashlytics.sdk.android:beta:1.2.4] AndroidManifest.xml:9:5-67
MERGED from [com.crashlytics.sdk.android:beta:1.2.4] AndroidManifest.xml:9:5-67
MERGED from [com.crashlytics.sdk.android:crashlytics-core:2.3.16] AndroidManifest.xml:52:5-67
MERGED from [com.crashlytics.sdk.android:crashlytics-core:2.3.16] AndroidManifest.xml:52:5-67
MERGED from [com.crashlytics.sdk.android:answers:1.3.12] AndroidManifest.xml:9:5-67
MERGED from [com.crashlytics.sdk.android:answers:1.3.12] AndroidManifest.xml:9:5-67
MERGED from [io.fabric.sdk.android:fabric:1.3.16] AndroidManifest.xml:29:5-67
MERGED from [io.fabric.sdk.android:fabric:1.3.16] AndroidManifest.xml:29:5-67
	android:name
		ADDED from src/main/AndroidManifest.xml:6:22-64
uses-permission#android.permission.ACCESS_NETWORK_STATE
ADDED from src/main/AndroidManifest.xml:7:5-79
MERGED from [com.google.android.gms:play-services-maps:11.2.2] AndroidManifest.xml:19:5-78
MERGED from [com.google.android.gms:play-services-maps:11.2.2] AndroidManifest.xml:19:5-78
MERGED from [com.google.firebase:firebase-analytics:11.2.2] AndroidManifest.xml:21:5-78
MERGED from [com.google.firebase:firebase-analytics:11.2.2] AndroidManifest.xml:21:5-78
MERGED from [com.google.firebase:firebase-analytics-impl:11.2.2] AndroidManifest.xml:21:5-78
MERGED from [com.google.firebase:firebase-analytics-impl:11.2.2] AndroidManifest.xml:21:5-78
MERGED from [com.google.firebase:firebase-iid:11.2.2] AndroidManifest.xml:19:5-78
MERGED from [com.google.firebase:firebase-iid:11.2.2] AndroidManifest.xml:19:5-78
	android:name
		ADDED from src/main/AndroidManifest.xml:7:22-76
uses-permission#android.permission.ACCESS_FINE_LOCATION
ADDED from src/main/AndroidManifest.xml:9:5-79
	android:name
		ADDED from src/main/AndroidManifest.xml:9:22-76
uses-permission#android.permission.ACCESS_COARSE_LOCATION
ADDED from src/main/AndroidManifest.xml:10:5-81
	android:name
		ADDED from src/main/AndroidManifest.xml:10:22-78
uses-permission#android.permission.WRITE_EXTERNAL_STORAGE
ADDED from src/main/AndroidManifest.xml:11:5-81
	android:name
		ADDED from src/main/AndroidManifest.xml:11:22-78
uses-permission#android.permission.CALL_PHONE
ADDED from src/main/AndroidManifest.xml:12:5-69
	android:name
		ADDED from src/main/AndroidManifest.xml:12:22-66
uses-permission#android.permission.READ_CALENDAR
ADDED from src/main/AndroidManifest.xml:15:5-72
	android:name
		ADDED from src/main/AndroidManifest.xml:15:22-69
uses-permission#android.permission.WRITE_CALENDAR
ADDED from src/main/AndroidManifest.xml:16:5-73
	android:name
		ADDED from src/main/AndroidManifest.xml:16:22-70
uses-permission#android.permission.RECEIVE_BOOT_COMPLETED
ADDED from src/main/AndroidManifest.xml:18:5-81
	android:name
		ADDED from src/main/AndroidManifest.xml:18:22-78
uses-permission#android.permission.WAKE_LOCK
ADDED from src/main/AndroidManifest.xml:19:5-68
MERGED from [com.google.firebase:firebase-analytics:11.2.2] AndroidManifest.xml:22:5-67
MERGED from [com.google.firebase:firebase-analytics:11.2.2] AndroidManifest.xml:22:5-67
MERGED from [com.google.firebase:firebase-analytics-impl:11.2.2] AndroidManifest.xml:22:5-67
MERGED from [com.google.firebase:firebase-analytics-impl:11.2.2] AndroidManifest.xml:22:5-67
MERGED from [com.google.firebase:firebase-iid:11.2.2] AndroidManifest.xml:21:5-67
MERGED from [com.google.firebase:firebase-iid:11.2.2] AndroidManifest.xml:21:5-67
	android:name
		ADDED from src/main/AndroidManifest.xml:19:22-65
uses-permission#android.permission.RECEIVE_SMS
ADDED from src/main/AndroidManifest.xml:20:5-70
	android:name
		ADDED from src/main/AndroidManifest.xml:20:22-67
uses-permission#com.google.android.providers.gsf.permission.READ_GSERVICES
ADDED from src/main/AndroidManifest.xml:21:5-98
	android:name
		ADDED from src/main/AndroidManifest.xml:21:22-95
uses-feature#android.hardware.telephony
ADDED from src/main/AndroidManifest.xml:23:5-25:36
	android:required
		ADDED from src/main/AndroidManifest.xml:25:9-33
	android:name
		ADDED from src/main/AndroidManifest.xml:24:9-50
application
ADDED from src/main/AndroidManifest.xml:27:5-192:19
MERGED from [com.google.firebase:firebase-core:11.2.2] AndroidManifest.xml:5:5-20
MERGED from [com.google.firebase:firebase-core:11.2.2] AndroidManifest.xml:5:5-20
MERGED from [com.android.support.constraint:constraint-layout:1.1.2] AndroidManifest.xml:9:5-20
MERGED from [com.android.support.constraint:constraint-layout:1.1.2] AndroidManifest.xml:9:5-20
MERGED from [com.crashlytics.sdk.android:crashlytics:2.6.7] AndroidManifest.xml:11:5-20
MERGED from [com.crashlytics.sdk.android:crashlytics:2.6.7] AndroidManifest.xml:11:5-20
MERGED from [com.android.support:design:25.4.0] AndroidManifest.xml:25:5-29:19
MERGED from [com.android.support:design:25.4.0] AndroidManifest.xml:25:5-29:19
MERGED from [com.github.scottyab:showhidepasswordedittext:0.8] AndroidManifest.xml:11:5-12:19
MERGED from [com.github.scottyab:showhidepasswordedittext:0.8] AndroidManifest.xml:11:5-12:19
MERGED from [com.android.support:appcompat-v7:25.4.0] AndroidManifest.xml:25:5-29:19
MERGED from [com.android.support:appcompat-v7:25.4.0] AndroidManifest.xml:25:5-29:19
MERGED from [com.android.support:cardview-v7:25.4.0] AndroidManifest.xml:22:5-26:19
MERGED from [com.android.support:cardview-v7:25.4.0] AndroidManifest.xml:22:5-26:19
MERGED from [com.facebook.stetho:stetho-okhttp3:1.5.0] AndroidManifest.xml:11:5-20
MERGED from [com.facebook.stetho:stetho-okhttp3:1.5.0] AndroidManifest.xml:11:5-20
MERGED from [com.android.support:recyclerview-v7:25.4.0] AndroidManifest.xml:22:5-26:19
MERGED from [com.android.support:recyclerview-v7:25.4.0] AndroidManifest.xml:22:5-26:19
MERGED from [com.google.android.gms:play-services-location:11.2.2] AndroidManifest.xml:4:5-19
MERGED from [com.google.android.gms:play-services-location:11.2.2] AndroidManifest.xml:4:5-19
MERGED from [com.google.android.gms:play-services-places:11.2.2] AndroidManifest.xml:18:5-19
MERGED from [com.google.android.gms:play-services-places:11.2.2] AndroidManifest.xml:18:5-19
MERGED from [com.google.android.gms:play-services-maps:11.2.2] AndroidManifest.xml:24:5-19
MERGED from [com.google.android.gms:play-services-maps:11.2.2] AndroidManifest.xml:24:5-19
MERGED from [com.google.android.gms:play-services-gcm:11.2.2] AndroidManifest.xml:23:5-19
MERGED from [com.google.android.gms:play-services-gcm:11.2.2] AndroidManifest.xml:23:5-19
MERGED from [com.android.support:transition:25.4.0] AndroidManifest.xml:22:5-26:19
MERGED from [com.android.support:transition:25.4.0] AndroidManifest.xml:22:5-26:19
MERGED from [com.google.firebase:firebase-analytics:11.2.2] AndroidManifest.xml:24:5-34:19
MERGED from [com.google.firebase:firebase-analytics:11.2.2] AndroidManifest.xml:24:5-34:19
MERGED from [com.google.android.gms:play-services-iid:11.2.2] AndroidManifest.xml:23:5-19
MERGED from [com.google.android.gms:play-services-iid:11.2.2] AndroidManifest.xml:23:5-19
MERGED from [com.google.android.gms:play-services-base:11.2.2] AndroidManifest.xml:18:5-20:19
MERGED from [com.google.android.gms:play-services-base:11.2.2] AndroidManifest.xml:18:5-20:19
MERGED from [com.google.firebase:firebase-analytics-impl:11.2.2] AndroidManifest.xml:24:5-28:19
MERGED from [com.google.firebase:firebase-analytics-impl:11.2.2] AndroidManifest.xml:24:5-28:19
MERGED from [com.google.firebase:firebase-iid:11.2.2] AndroidManifest.xml:28:5-49:19
MERGED from [com.google.firebase:firebase-iid:11.2.2] AndroidManifest.xml:28:5-49:19
MERGED from [com.google.firebase:firebase-common:11.2.2] AndroidManifest.xml:4:5-7:19
MERGED from [com.google.firebase:firebase-common:11.2.2] AndroidManifest.xml:4:5-7:19
MERGED from [com.google.android.gms:play-services-tasks:11.2.2] AndroidManifest.xml:4:5-19
MERGED from [com.google.android.gms:play-services-tasks:11.2.2] AndroidManifest.xml:4:5-19
MERGED from [com.google.android.gms:play-services-basement:11.2.2] AndroidManifest.xml:19:5-21:19
MERGED from [com.google.android.gms:play-services-basement:11.2.2] AndroidManifest.xml:19:5-21:19
MERGED from [com.android.support:support-v4:25.4.0] AndroidManifest.xml:25:5-29:19
MERGED from [com.android.support:support-v4:25.4.0] AndroidManifest.xml:25:5-29:19
MERGED from [com.jakewharton.timber:timber:4.4.0] AndroidManifest.xml:8:5-20
MERGED from [com.jakewharton.timber:timber:4.4.0] AndroidManifest.xml:8:5-20
MERGED from [com.facebook.stetho:stetho:1.5.0] AndroidManifest.xml:11:5-20
MERGED from [com.facebook.stetho:stetho:1.5.0] AndroidManifest.xml:11:5-20
MERGED from [com.facebook.stetho:stetho-urlconnection:1.5.0] AndroidManifest.xml:11:5-20
MERGED from [com.facebook.stetho:stetho-urlconnection:1.5.0] AndroidManifest.xml:11:5-20
MERGED from [com.crashlytics.sdk.android:beta:1.2.4] AndroidManifest.xml:11:5-20
MERGED from [com.crashlytics.sdk.android:beta:1.2.4] AndroidManifest.xml:11:5-20
MERGED from [com.crashlytics.sdk.android:crashlytics-core:2.3.16] AndroidManifest.xml:54:5-20
MERGED from [com.crashlytics.sdk.android:crashlytics-core:2.3.16] AndroidManifest.xml:54:5-20
MERGED from [com.crashlytics.sdk.android:answers:1.3.12] AndroidManifest.xml:11:5-20
MERGED from [com.crashlytics.sdk.android:answers:1.3.12] AndroidManifest.xml:11:5-20
MERGED from [io.fabric.sdk.android:fabric:1.3.16] AndroidManifest.xml:31:5-20
MERGED from [io.fabric.sdk.android:fabric:1.3.16] AndroidManifest.xml:31:5-20
MERGED from [com.android.support:animated-vector-drawable:25.4.0] AndroidManifest.xml:22:5-26:19
MERGED from [com.android.support:animated-vector-drawable:25.4.0] AndroidManifest.xml:22:5-26:19
MERGED from [com.android.support:support-fragment:25.4.0] AndroidManifest.xml:25:5-29:19
MERGED from [com.android.support:support-fragment:25.4.0] AndroidManifest.xml:25:5-29:19
MERGED from [com.android.support:support-core-ui:25.4.0] AndroidManifest.xml:25:5-29:19
MERGED from [com.android.support:support-core-ui:25.4.0] AndroidManifest.xml:25:5-29:19
MERGED from [com.android.support:support-vector-drawable:25.4.0] AndroidManifest.xml:22:5-26:19
MERGED from [com.android.support:support-vector-drawable:25.4.0] AndroidManifest.xml:22:5-26:19
MERGED from [com.android.support:support-media-compat:25.4.0] AndroidManifest.xml:25:5-29:19
MERGED from [com.android.support:support-media-compat:25.4.0] AndroidManifest.xml:25:5-29:19
MERGED from [com.android.support:support-core-utils:25.4.0] AndroidManifest.xml:25:5-29:19
MERGED from [com.android.support:support-core-utils:25.4.0] AndroidManifest.xml:25:5-29:19
MERGED from [com.android.support:support-compat:25.4.0] AndroidManifest.xml:25:5-29:19
MERGED from [com.android.support:support-compat:25.4.0] AndroidManifest.xml:25:5-29:19
	android:supportsRtl
		ADDED from src/main/AndroidManifest.xml:32:9-35
	android:label
		ADDED from src/main/AndroidManifest.xml:31:9-41
	android:icon
		ADDED from src/main/AndroidManifest.xml:30:9-42
	android:allowBackup
		ADDED from src/main/AndroidManifest.xml:29:9-35
	android:theme
		ADDED from src/main/AndroidManifest.xml:33:9-40
	android:name
		ADDED from src/main/AndroidManifest.xml:28:9-39
meta-data#com.google.android.geo.API_KEY
ADDED from src/main/AndroidManifest.xml:34:9-36:71
	android:value
		ADDED from src/main/AndroidManifest.xml:36:13-68
	android:name
		ADDED from src/main/AndroidManifest.xml:35:13-58
meta-data#com.google.android.gms.version
ADDED from src/main/AndroidManifest.xml:37:9-39:69
MERGED from [com.google.android.gms:play-services-basement:11.2.2] AndroidManifest.xml:20:9-121
MERGED from [com.google.android.gms:play-services-basement:11.2.2] AndroidManifest.xml:20:9-121
	android:value
		ADDED from src/main/AndroidManifest.xml:39:13-66
	android:name
		ADDED from src/main/AndroidManifest.xml:38:13-58
activity#com.ibis.ibisecp2.ui.activity.StartActivity
ADDED from src/main/AndroidManifest.xml:41:9-51:20
	android:screenOrientation
		ADDED from src/main/AndroidManifest.xml:45:13-49
	android:label
		ADDED from src/main/AndroidManifest.xml:44:13-45
	android:configChanges
		ADDED from src/main/AndroidManifest.xml:43:13-51
	android:name
		ADDED from src/main/AndroidManifest.xml:42:13-54
intent-filter#action:name:android.intent.action.MAIN+category:name:android.intent.category.LAUNCHER
ADDED from src/main/AndroidManifest.xml:46:13-50:29
action#android.intent.action.MAIN
ADDED from src/main/AndroidManifest.xml:47:17-69
	android:name
		ADDED from src/main/AndroidManifest.xml:47:25-66
category#android.intent.category.LAUNCHER
ADDED from src/main/AndroidManifest.xml:49:17-77
	android:name
		ADDED from src/main/AndroidManifest.xml:49:27-74
activity#com.ibis.ibisecp2.ui.activity.InfoActivity
ADDED from src/main/AndroidManifest.xml:52:9-61:20
	android:screenOrientation
		ADDED from src/main/AndroidManifest.xml:57:13-49
	android:parentActivityName
		ADDED from src/main/AndroidManifest.xml:56:13-68
	android:label
		ADDED from src/main/AndroidManifest.xml:55:13-39
	android:configChanges
		ADDED from src/main/AndroidManifest.xml:54:13-51
	android:name
		ADDED from src/main/AndroidManifest.xml:53:13-53
meta-data#android.support.PARENT_ACTIVITY
ADDED from src/main/AndroidManifest.xml:58:13-60:62
	android:value
		ADDED from src/main/AndroidManifest.xml:60:17-59
	android:name
		ADDED from src/main/AndroidManifest.xml:59:17-63
activity#com.ibis.ibisecp2.ui.activity.AppointmentActivity
ADDED from src/main/AndroidManifest.xml:62:9-71:20
	android:screenOrientation
		ADDED from src/main/AndroidManifest.xml:66:13-49
	android:label
		ADDED from src/main/AndroidManifest.xml:65:13-44
	android:windowSoftInputMode
		ADDED from src/main/AndroidManifest.xml:67:13-54
	android:configChanges
		ADDED from src/main/AndroidManifest.xml:64:13-51
	android:name
		ADDED from src/main/AndroidManifest.xml:63:13-60
activity#com.ibis.ibisecp2.ui.activity.PersonalActivity
ADDED from src/main/AndroidManifest.xml:72:9-81:20
	android:screenOrientation
		ADDED from src/main/AndroidManifest.xml:77:13-49
	android:parentActivityName
		ADDED from src/main/AndroidManifest.xml:76:13-68
	android:label
		ADDED from src/main/AndroidManifest.xml:75:13-40
	android:configChanges
		ADDED from src/main/AndroidManifest.xml:74:13-51
	android:name
		ADDED from src/main/AndroidManifest.xml:73:13-57
activity#com.ibis.ibisecp2.ui.activity.MedicamentFindActivity
ADDED from src/main/AndroidManifest.xml:82:9-91:20
	android:screenOrientation
		ADDED from src/main/AndroidManifest.xml:87:13-49
	android:parentActivityName
		ADDED from src/main/AndroidManifest.xml:86:13-68
	android:label
		ADDED from src/main/AndroidManifest.xml:85:13-47
	android:configChanges
		ADDED from src/main/AndroidManifest.xml:84:13-51
	android:name
		ADDED from src/main/AndroidManifest.xml:83:13-63
activity#com.ibis.ibisecp2.ui.activity.RegistryActivity
ADDED from src/main/AndroidManifest.xml:92:9-102:20
	android:screenOrientation
		ADDED from src/main/AndroidManifest.xml:97:13-49
	android:parentActivityName
		ADDED from src/main/AndroidManifest.xml:96:13-68
	android:label
		ADDED from src/main/AndroidManifest.xml:95:13-45
	android:configChanges
		ADDED from src/main/AndroidManifest.xml:94:13-51
	android:theme
		ADDED from src/main/AndroidManifest.xml:98:13-44
	android:name
		ADDED from src/main/AndroidManifest.xml:93:13-57
activity#com.ibis.ibisecp2.ui.activity.DiaryNewRecordsActivity
ADDED from src/main/AndroidManifest.xml:103:9-107:52
	android:screenOrientation
		ADDED from src/main/AndroidManifest.xml:107:13-49
	android:label
		ADDED from src/main/AndroidManifest.xml:106:13-45
	android:configChanges
		ADDED from src/main/AndroidManifest.xml:105:13-51
	android:name
		ADDED from src/main/AndroidManifest.xml:104:13-64
activity#com.ibis.ibisecp2.ui.activity.RecipeActivity
ADDED from src/main/AndroidManifest.xml:108:9-112:52
	android:screenOrientation
		ADDED from src/main/AndroidManifest.xml:112:13-49
	android:label
		ADDED from src/main/AndroidManifest.xml:111:13-40
	android:configChanges
		ADDED from src/main/AndroidManifest.xml:110:13-51
	android:name
		ADDED from src/main/AndroidManifest.xml:109:13-55
activity#com.ibis.ibisecp2.ui.activity.ServiceRenderedActivity
ADDED from src/main/AndroidManifest.xml:113:9-117:52
	android:screenOrientation
		ADDED from src/main/AndroidManifest.xml:117:13-49
	android:label
		ADDED from src/main/AndroidManifest.xml:116:13-45
	android:configChanges
		ADDED from src/main/AndroidManifest.xml:115:13-51
	android:name
		ADDED from src/main/AndroidManifest.xml:114:13-64
activity#com.ibis.ibisecp2.ui.activity.AgreementActivity
ADDED from src/main/AndroidManifest.xml:118:9-122:52
	android:screenOrientation
		ADDED from src/main/AndroidManifest.xml:122:13-49
	android:label
		ADDED from src/main/AndroidManifest.xml:121:13-48
	android:configChanges
		ADDED from src/main/AndroidManifest.xml:120:13-51
	android:name
		ADDED from src/main/AndroidManifest.xml:119:13-58
activity#com.ibis.ibisecp2.ui.activity.TasksActivity
ADDED from src/main/AndroidManifest.xml:123:9-127:52
	android:screenOrientation
		ADDED from src/main/AndroidManifest.xml:127:13-49
	android:label
		ADDED from src/main/AndroidManifest.xml:126:13-45
	android:configChanges
		ADDED from src/main/AndroidManifest.xml:125:13-51
	android:name
		ADDED from src/main/AndroidManifest.xml:124:13-54
receiver#com.ibis.ibisecp2.notification.AlarmSetter
ADDED from src/main/AndroidManifest.xml:129:9-143:20
	android:enabled
		ADDED from src/main/AndroidManifest.xml:131:13-35
	android:exported
		ADDED from src/main/AndroidManifest.xml:132:13-36
	android:permission
		ADDED from src/main/AndroidManifest.xml:133:13-75
	android:name
		ADDED from src/main/AndroidManifest.xml:130:13-53
intent-filter#action:name:android.intent.action.BOOT_COMPLETED+action:name:android.intent.action.QUICKBOOT_POWERON+action:name:android.intent.action.USER_PRESENT+action:name:com.htc.intent.action.QUICKBOOT_POWERON+category:name:android.intent.category.DEFAULT
ADDED from src/main/AndroidManifest.xml:134:13-142:29
action#android.intent.action.BOOT_COMPLETED
ADDED from src/main/AndroidManifest.xml:135:17-79
	android:name
		ADDED from src/main/AndroidManifest.xml:135:25-76
category#android.intent.category.DEFAULT
ADDED from src/main/AndroidManifest.xml:137:17-76
	android:name
		ADDED from src/main/AndroidManifest.xml:137:27-73
action#android.intent.action.QUICKBOOT_POWERON
ADDED from src/main/AndroidManifest.xml:139:17-82
	android:name
		ADDED from src/main/AndroidManifest.xml:139:25-79
action#com.htc.intent.action.QUICKBOOT_POWERON
ADDED from src/main/AndroidManifest.xml:140:17-82
	android:name
		ADDED from src/main/AndroidManifest.xml:140:25-79
action#android.intent.action.USER_PRESENT
ADDED from src/main/AndroidManifest.xml:141:17-77
	android:name
		ADDED from src/main/AndroidManifest.xml:141:25-74
receiver#com.ibis.ibisecp2.notification.AlarmReceiver
ADDED from src/main/AndroidManifest.xml:144:9-146:38
	android:enabled
		ADDED from src/main/AndroidManifest.xml:146:13-35
	android:name
		ADDED from src/main/AndroidManifest.xml:145:13-55
service#com.ibis.ibisecp2.notification.AlarmService
ADDED from src/main/AndroidManifest.xml:148:9-150:38
	android:enabled
		ADDED from src/main/AndroidManifest.xml:150:13-35
	android:name
		ADDED from src/main/AndroidManifest.xml:149:13-54
activity#com.ibis.ibisecp2.ui.activity.SetupNotificationActivity
ADDED from src/main/AndroidManifest.xml:152:9-155:52
	android:screenOrientation
		ADDED from src/main/AndroidManifest.xml:155:13-49
	android:configChanges
		ADDED from src/main/AndroidManifest.xml:154:13-51
	android:name
		ADDED from src/main/AndroidManifest.xml:153:13-66
activity#com.ibis.ibisecp2.ui.activity.DiaryActivity
ADDED from src/main/AndroidManifest.xml:156:9-160:57
	android:screenOrientation
		ADDED from src/main/AndroidManifest.xml:159:13-49
	android:windowSoftInputMode
		ADDED from src/main/AndroidManifest.xml:160:13-54
	android:configChanges
		ADDED from src/main/AndroidManifest.xml:158:13-51
	android:name
		ADDED from src/main/AndroidManifest.xml:157:13-54
activity#com.ibis.ibisecp2.ui.activity.MainActivity
ADDED from src/main/AndroidManifest.xml:161:9-164:52
	android:screenOrientation
		ADDED from src/main/AndroidManifest.xml:164:13-49
	android:configChanges
		ADDED from src/main/AndroidManifest.xml:163:13-51
	android:name
		ADDED from src/main/AndroidManifest.xml:162:13-53
meta-data#io.fabric.ApiKey
ADDED from src/main/AndroidManifest.xml:166:9-168:72
	android:value
		ADDED from src/main/AndroidManifest.xml:168:13-69
	android:name
		ADDED from src/main/AndroidManifest.xml:167:13-44
receiver#com.ibis.ibisecp2.service.SmsReceiver
ADDED from src/main/AndroidManifest.xml:170:9-174:20
	android:name
		ADDED from src/main/AndroidManifest.xml:170:19-54
intent-filter#action:name:android.provider.Telephony.SMS_RECEIVED
ADDED from src/main/AndroidManifest.xml:171:13-173:29
	android:priority
		ADDED from src/main/AndroidManifest.xml:171:28-50
action#android.provider.Telephony.SMS_RECEIVED
ADDED from src/main/AndroidManifest.xml:172:17-82
	android:name
		ADDED from src/main/AndroidManifest.xml:172:25-79
activity#com.ibis.ibisecp2.ui.activity.RegistryPagerActivity
ADDED from src/main/AndroidManifest.xml:176:9-178:52
	android:screenOrientation
		ADDED from src/main/AndroidManifest.xml:178:13-49
	android:name
		ADDED from src/main/AndroidManifest.xml:177:13-62
activity#com.ibis.ibisecp2.ui.activity.DiaryPagerActivity
ADDED from src/main/AndroidManifest.xml:179:9-181:52
	android:screenOrientation
		ADDED from src/main/AndroidManifest.xml:181:13-49
	android:name
		ADDED from src/main/AndroidManifest.xml:180:13-59
activity#com.ibis.ibisecp2.ui.activity.LocationActivity
ADDED from src/main/AndroidManifest.xml:182:9-66
	android:name
		ADDED from src/main/AndroidManifest.xml:182:19-63
service#com.ibis.ibisecp2.service.FavoritesDoctorsService
ADDED from src/main/AndroidManifest.xml:184:9-186:40
	android:exported
		ADDED from src/main/AndroidManifest.xml:186:13-37
	android:name
		ADDED from src/main/AndroidManifest.xml:185:13-60
service#com.ibis.ibisecp2.service.DoctorService
ADDED from src/main/AndroidManifest.xml:187:9-189:40
	android:exported
		ADDED from src/main/AndroidManifest.xml:189:13-37
	android:name
		ADDED from src/main/AndroidManifest.xml:188:13-50
activity#com.ibis.ibisecp2.ui.activity.LoginActivity
ADDED from src/main/AndroidManifest.xml:191:9-72
	android:name
		ADDED from src/main/AndroidManifest.xml:191:19-60
uses-sdk
INJECTED from src/main/AndroidManifest.xml reason: use-sdk injection requested
INJECTED from src/main/AndroidManifest.xml
INJECTED from src/main/AndroidManifest.xml
MERGED from [com.google.firebase:firebase-core:11.2.2] AndroidManifest.xml:4:5-43
MERGED from [com.google.firebase:firebase-core:11.2.2] AndroidManifest.xml:4:5-43
MERGED from [com.android.support.constraint:constraint-layout:1.1.2] AndroidManifest.xml:5:5-7:41
MERGED from [com.android.support.constraint:constraint-layout:1.1.2] AndroidManifest.xml:5:5-7:41
MERGED from [com.crashlytics.sdk.android:crashlytics:2.6.7] AndroidManifest.xml:7:5-43
MERGED from [com.crashlytics.sdk.android:crashlytics:2.6.7] AndroidManifest.xml:7:5-43
MERGED from [com.evernote:android-state:1.1.0-SNAPSHOT] AndroidManifest.xml:8:5-10:41
MERGED from [com.evernote:android-state:1.1.0-SNAPSHOT] AndroidManifest.xml:8:5-10:41
MERGED from [com.android.support:design:25.4.0] AndroidManifest.xml:21:5-23:62
MERGED from [com.android.support:design:25.4.0] AndroidManifest.xml:21:5-23:62
MERGED from [com.github.scottyab:showhidepasswordedittext:0.8] AndroidManifest.xml:7:5-9:41
MERGED from [com.github.scottyab:showhidepasswordedittext:0.8] AndroidManifest.xml:7:5-9:41
MERGED from [com.android.support:appcompat-v7:25.4.0] AndroidManifest.xml:21:5-23:78
MERGED from [com.android.support:appcompat-v7:25.4.0] AndroidManifest.xml:21:5-23:78
MERGED from [com.android.support:cardview-v7:25.4.0] AndroidManifest.xml:20:5-43